{"level":"info","message":"Hello world","timestamp":"5:02:47 PM"}
{"level":"warn","message":"Warning message","timestamp":"5:02:47 PM"}
{"level":"info","message":"This simple log written by another file","timestamp":"5:02:47 PM"}
{"level":"info","message":"This simple log written by another file","timestamp":"5:14:50 PM"}
{"level":"info","message":"This simple log written by another file","timestamp":"5:16:14 PM"}
{"level":"info","message":"This simple log written by another file","timestamp":"5:16:51 PM"}
{"level":"info","message":"This simple log written by another file","timestamp":"5:19:02 PM"}
{"level":"info","message":"No valid avaiable yet1","timestamp":"5:19:08 PM"}
{"level":"info","message":"No valid avaiable yet1","timestamp":"5:19:14 PM"}
{"level":"info","message":"No valid avaiable yet1","timestamp":"5:19:20 PM"}
{"level":"info","message":"This simple log written by another file","timestamp":"8:16:12 PM"}
{"level":"info","message":"retrieving user ID for : [object Object]","timestamp":"8:16:38 PM"}
{"level":"info","message":"sending success status","timestamp":"8:16:38 PM"}
{"level":"info","message":"retrieving user ID for : [object Object]","timestamp":"8:16:52 PM"}
{"level":"info","message":"sending success status","timestamp":"8:16:52 PM"}
{"level":"info","message":"Bidding Added [object Object]","timestamp":"8:16:55 PM"}
{"level":"info","message":"Highest Bid till npe [object Object],[object Object]","timestamp":"8:16:55 PM"}
{"level":"info","message":"Updated the product database with highest bid value","timestamp":"8:16:55 PM"}
{"level":"info","message":"retrieving user ID for : [object Object]","timestamp":"8:17:05 PM"}
{"level":"info","message":"sending success status","timestamp":"8:17:05 PM"}
{"level":"info","message":"Bidding Added [object Object]","timestamp":"8:17:08 PM"}
{"level":"info","message":"Highest Bid till npe [object Object],[object Object]","timestamp":"8:17:08 PM"}
{"level":"info","message":"Updated the product database with highest bid value","timestamp":"8:17:08 PM"}
{"level":"info","message":"retrieving user ID for : [object Object]","timestamp":"8:17:27 PM"}
{"level":"info","message":"sending success status","timestamp":"8:17:27 PM"}
{"level":"info","message":"Bidding Added [object Object]","timestamp":"8:17:31 PM"}
{"level":"info","message":"Highest Bid till npe [object Object],[object Object]","timestamp":"8:17:31 PM"}
{"level":"info","message":"Updated the product database with highest bid value","timestamp":"8:17:31 PM"}
