{"level":"info","message":"Hello world","timestamp":"5:02:47 PM"}
{"level":"warn","message":"Warning message","timestamp":"5:02:47 PM"}
{"level":"info","message":"This simple log written by another file","timestamp":"5:02:47 PM"}
{"level":"info","message":"This simple log written by another file","timestamp":"5:14:50 PM"}
{"level":"info","message":"This simple log written by another file","timestamp":"5:16:14 PM"}
{"level":"info","message":"This simple log written by another file","timestamp":"5:16:51 PM"}
{"level":"info","message":"This simple log written by another file","timestamp":"5:19:02 PM"}
{"level":"info","message":"No valid avaiable yet1","timestamp":"5:19:08 PM"}
{"level":"info","message":"No valid avaiable yet1","timestamp":"5:19:14 PM"}
{"level":"info","message":"No valid avaiable yet1","timestamp":"5:19:20 PM"}
{"level":"info","message":"This simple log written by another file","timestamp":"8:16:12 PM"}
{"level":"info","message":"retrieving user ID for : [object Object]","timestamp":"8:16:38 PM"}
{"level":"info","message":"sending success status","timestamp":"8:16:38 PM"}
{"level":"info","message":"retrieving user ID for : [object Object]","timestamp":"8:16:52 PM"}
{"level":"info","message":"sending success status","timestamp":"8:16:52 PM"}
{"level":"info","message":"Bidding Added [object Object]","timestamp":"8:16:55 PM"}
{"level":"info","message":"Highest Bid till npe [object Object],[object Object]","timestamp":"8:16:55 PM"}
{"level":"info","message":"Updated the product database with highest bid value","timestamp":"8:16:55 PM"}
{"level":"info","message":"retrieving user ID for : [object Object]","timestamp":"8:17:05 PM"}
{"level":"info","message":"sending success status","timestamp":"8:17:05 PM"}
{"level":"info","message":"Bidding Added [object Object]","timestamp":"8:17:08 PM"}
{"level":"info","message":"Highest Bid till npe [object Object],[object Object]","timestamp":"8:17:08 PM"}
{"level":"info","message":"Updated the product database with highest bid value","timestamp":"8:17:08 PM"}
{"level":"info","message":"retrieving user ID for : [object Object]","timestamp":"8:17:27 PM"}
{"level":"info","message":"sending success status","timestamp":"8:17:27 PM"}
{"level":"info","message":"Bidding Added [object Object]","timestamp":"8:17:31 PM"}
{"level":"info","message":"Highest Bid till npe [object Object],[object Object]","timestamp":"8:17:31 PM"}
{"level":"info","message":"Updated the product database with highest bid value","timestamp":"8:17:31 PM"}
{"level":"info","message":"This simple log written by another file","timestamp":"1:53:16 PM"}
{"level":"info","message":"This simple log written by another file","timestamp":"2:44:48 PM"}
{"level":"info","message":"This simple log written by another file","timestamp":"5:51:00 PM"}
{"level":"info","message":"This simple log written by another file","timestamp":"5:52:20 PM"}
{"level":"info","message":"This simple log written by another file","timestamp":"5:53:21 PM"}
{"level":"info","message":"This simple log written by another file","timestamp":"5:54:46 PM"}
{"level":"info","message":"This simple log written by another file","timestamp":"5:55:57 PM"}
{"level":"info","message":"This simple log written by another file","timestamp":"5:56:29 PM"}
{"level":"info","message":"This simple log written by another file","timestamp":"5:57:26 PM"}
{"level":"info","message":"This simple log written by another file","timestamp":"5:58:10 PM"}
{"level":"info","message":"This simple log written by another file","timestamp":"6:02:46 PM"}
{"level":"info","message":"This simple log written by another file","timestamp":"6:04:54 PM"}
{"level":"info","message":"This simple log written by another file","timestamp":"6:05:32 PM"}
{"level":"info","message":"This simple log written by another file","timestamp":"6:07:31 PM"}
{"level":"info","message":"This simple log written by another file","timestamp":"6:08:56 PM"}
{"level":"info","message":"This simple log written by another file","timestamp":"6:09:34 PM"}
{"level":"info","message":"This simple log written by another file","timestamp":"6:13:04 PM"}
{"level":"info","message":"This simple log written by another file","timestamp":"6:19:00 PM"}
{"level":"info","message":"This simple log written by another file","timestamp":"6:20:51 PM"}
{"level":"info","message":"This simple log written by another file","timestamp":"11:28:08 PM"}
{"level":"info","message":"This simple log written by another file","timestamp":"11:31:58 PM"}
{"level":"info","message":"This simple log written by another file","timestamp":"11:32:35 PM"}
{"level":"info","message":"This simple log written by another file","timestamp":"11:33:03 PM"}
{"level":"info","message":"This simple log written by another file","timestamp":"11:35:47 PM"}
{"level":"info","message":"This simple log written by another file","timestamp":"11:36:29 PM"}
{"level":"info","message":"This simple log written by another file","timestamp":"11:37:22 PM"}
{"level":"info","message":"This simple log written by another file","timestamp":"11:38:42 PM"}
{"level":"info","message":"This simple log written by another file","timestamp":"11:43:23 PM"}
{"level":"info","message":"This simple log written by another file","timestamp":"11:46:51 PM"}
{"level":"info","message":"This simple log written by another file","timestamp":"12:04:13 AM"}
{"level":"info","message":"This simple log written by another file","timestamp":"12:05:53 AM"}
{"level":"info","message":"This simple log written by another file","timestamp":"12:06:51 AM"}
{"level":"info","message":"This simple log written by another file","timestamp":"12:12:51 AM"}
{"level":"info","message":"This simple log written by another file","timestamp":"12:15:59 AM"}
{"level":"info","message":"This simple log written by another file","timestamp":"12:17:04 AM"}
{"level":"info","message":"This simple log written by another file","timestamp":"12:17:24 AM"}
{"level":"info","message":"This simple log written by another file","timestamp":"12:22:02 AM"}
{"level":"info","message":"This simple log written by another file","timestamp":"12:22:33 AM"}
{"level":"info","message":"This simple log written by another file","timestamp":"12:23:06 AM"}
{"level":"info","message":"This simple log written by another file","timestamp":"12:23:22 AM"}
{"level":"info","message":"This simple log written by another file","timestamp":"12:23:48 AM"}
{"level":"info","message":"This simple log written by another file","timestamp":"12:29:02 AM"}
{"level":"info","message":"This simple log written by another file","timestamp":"12:29:27 AM"}
{"level":"info","message":"This simple log written by another file","timestamp":"12:33:24 AM"}
{"level":"info","message":"This simple log written by another file","timestamp":"12:34:05 AM"}
{"level":"info","message":"This simple log written by another file","timestamp":"12:45:57 AM"}
{"level":"info","message":"This simple log written by another file","timestamp":"12:53:07 AM"}
{"level":"info","message":"This simple log written by another file","timestamp":"12:53:41 AM"}
{"level":"info","message":"This simple log written by another file","timestamp":"12:54:08 AM"}
{"level":"info","message":"This simple log written by another file","timestamp":"12:56:22 AM"}
{"level":"info","message":"This simple log written by another file","timestamp":"12:58:22 AM"}
{"level":"info","message":"This simple log written by another file","timestamp":"1:00:35 AM"}
{"level":"info","message":"This simple log written by another file","timestamp":"1:04:29 AM"}
{"level":"info","message":"This simple log written by another file","timestamp":"1:05:06 AM"}
{"level":"info","message":"This simple log written by another file","timestamp":"1:05:45 AM"}
{"level":"info","message":"This simple log written by another file","timestamp":"1:09:43 AM"}
{"level":"info","message":"This simple log written by another file","timestamp":"1:13:34 AM"}
{"level":"info","message":"This simple log written by another file","timestamp":"1:15:12 AM"}
{"level":"info","message":"This simple log written by another file","timestamp":"1:17:27 AM"}
{"level":"info","message":"This simple log written by another file","timestamp":"1:18:46 AM"}
{"level":"info","message":"This simple log written by another file","timestamp":"1:50:14 AM"}
{"level":"info","message":"This simple log written by another file","timestamp":"2:08:08 AM"}
{"level":"info","message":"This simple log written by another file","timestamp":"2:15:46 AM"}
{"level":"info","message":"This simple log written by another file","timestamp":"2:18:05 AM"}
{"level":"info","message":"This simple log written by another file","timestamp":"2:18:52 AM"}
{"level":"info","message":"This simple log written by another file","timestamp":"2:19:30 AM"}
{"level":"info","message":"This simple log written by another file","timestamp":"2:20:32 AM"}
{"level":"info","message":"This simple log written by another file","timestamp":"2:21:38 AM"}
{"level":"info","message":"This simple log written by another file","timestamp":"2:23:02 AM"}
{"level":"info","message":"This simple log written by another file","timestamp":"2:24:41 AM"}
{"level":"info","message":"This simple log written by another file","timestamp":"2:25:22 AM"}
{"level":"info","message":"This simple log written by another file","timestamp":"2:25:57 AM"}
{"level":"info","message":"This simple log written by another file","timestamp":"2:26:35 AM"}
{"level":"info","message":"This simple log written by another file","timestamp":"2:29:33 AM"}
{"level":"info","message":"This simple log written by another file","timestamp":"2:32:28 AM"}
{"level":"info","message":"This simple log written by another file","timestamp":"2:35:11 AM"}
{"level":"info","message":"This simple log written by another file","timestamp":"2:41:20 AM"}
{"level":"info","message":"This simple log written by another file","timestamp":"5:26:09 PM"}
{"level":"info","message":"This simple log written by another file","timestamp":"5:26:46 PM"}
{"level":"info","message":"This simple log written by another file","timestamp":"5:27:46 PM"}
{"level":"info","message":"This simple log written by another file","timestamp":"5:29:00 PM"}
{"level":"info","message":"This simple log written by another file","timestamp":"5:29:17 PM"}
{"level":"info","message":"This simple log written by another file","timestamp":"5:30:42 PM"}
{"level":"info","message":"This simple log written by another file","timestamp":"5:32:06 PM"}
{"level":"info","message":"This simple log written by another file","timestamp":"5:33:49 PM"}
{"level":"info","message":"This simple log written by another file","timestamp":"5:35:39 PM"}
{"level":"info","message":"This simple log written by another file","timestamp":"5:36:28 PM"}
{"level":"info","message":"This simple log written by another file","timestamp":"5:37:06 PM"}
{"level":"info","message":"This simple log written by another file","timestamp":"5:37:34 PM"}
{"level":"info","message":"This simple log written by another file","timestamp":"5:38:18 PM"}
{"level":"info","message":"This simple log written by another file","timestamp":"5:39:11 PM"}
{"level":"info","message":"This simple log written by another file","timestamp":"5:39:55 PM"}
{"level":"info","message":"This simple log written by another file","timestamp":"5:42:45 PM"}
{"level":"info","message":"This simple log written by another file","timestamp":"5:43:53 PM"}
{"level":"info","message":"This simple log written by another file","timestamp":"5:44:23 PM"}
{"level":"info","message":"This simple log written by another file","timestamp":"5:44:52 PM"}
{"level":"info","message":"This simple log written by another file","timestamp":"5:45:49 PM"}
{"level":"info","message":"This simple log written by another file","timestamp":"5:46:08 PM"}
{"level":"info","message":"This simple log written by another file","timestamp":"5:46:23 PM"}
{"level":"info","message":"This simple log written by another file","timestamp":"5:47:16 PM"}
{"level":"info","message":"This simple log written by another file","timestamp":"5:47:37 PM"}
{"level":"info","message":"This simple log written by another file","timestamp":"5:47:53 PM"}
{"level":"info","message":"This simple log written by another file","timestamp":"5:48:32 PM"}
{"level":"info","message":"This simple log written by another file","timestamp":"5:49:46 PM"}
{"level":"info","message":"This simple log written by another file","timestamp":"5:50:12 PM"}
{"level":"info","message":"This simple log written by another file","timestamp":"5:52:29 PM"}
{"level":"info","message":"This simple log written by another file","timestamp":"6:03:14 PM"}
{"level":"info","message":"This simple log written by another file","timestamp":"6:04:12 PM"}
{"level":"info","message":"This simple log written by another file","timestamp":"6:04:28 PM"}
{"level":"info","message":"This simple log written by another file","timestamp":"6:11:22 PM"}
{"level":"info","message":"This simple log written by another file","timestamp":"6:16:29 PM"}
{"level":"info","message":"This simple log written by another file","timestamp":"6:19:36 PM"}
{"level":"info","message":"This simple log written by another file","timestamp":"6:20:44 PM"}
{"level":"info","message":"This simple log written by another file","timestamp":"6:22:40 PM"}
{"level":"info","message":"This simple log written by another file","timestamp":"6:26:06 PM"}
{"level":"info","message":"This simple log written by another file","timestamp":"6:28:06 PM"}
{"level":"info","message":"This simple log written by another file","timestamp":"6:31:34 PM"}
{"level":"info","message":"This simple log written by another file","timestamp":"6:32:12 PM"}
{"level":"info","message":"This simple log written by another file","timestamp":"6:32:42 PM"}
{"level":"info","message":"This simple log written by another file","timestamp":"6:33:39 PM"}
{"level":"info","message":"This simple log written by another file","timestamp":"7:13:28 PM"}
{"level":"info","message":"This simple log written by another file","timestamp":"7:15:39 PM"}
{"level":"info","message":"This simple log written by another file","timestamp":"7:16:14 PM"}
{"level":"info","message":"This simple log written by another file","timestamp":"7:16:18 PM"}
{"level":"info","message":"This simple log written by another file","timestamp":"7:16:47 PM"}
{"level":"info","message":"This simple log written by another file","timestamp":"7:18:41 PM"}
{"level":"info","message":"This simple log written by another file","timestamp":"7:19:32 PM"}
{"level":"info","message":"This simple log written by another file","timestamp":"7:22:27 PM"}
{"level":"info","message":"This simple log written by another file","timestamp":"7:49:52 PM"}
{"level":"info","message":"This simple log written by another file","timestamp":"7:50:08 PM"}
{"level":"info","message":"This simple log written by another file","timestamp":"7:50:25 PM"}
{"level":"info","message":"This simple log written by another file","timestamp":"7:51:05 PM"}
{"level":"info","message":"This simple log written by another file","timestamp":"7:53:53 PM"}
{"level":"info","message":"This simple log written by another file","timestamp":"7:56:33 PM"}
{"level":"info","message":"This simple log written by another file","timestamp":"7:58:49 PM"}
{"level":"info","message":"This simple log written by another file","timestamp":"9:41:45 AM"}
{"level":"info","message":"This simple log written by another file","timestamp":"9:54:01 AM"}
{"level":"info","message":"This simple log written by another file","timestamp":"9:55:23 AM"}
{"level":"info","message":"This simple log written by another file","timestamp":"10:00:42 AM"}
{"level":"info","message":"This simple log written by another file","timestamp":"10:09:48 AM"}
{"level":"info","message":"This simple log written by another file","timestamp":"10:13:52 AM"}
{"level":"info","message":"This simple log written by another file","timestamp":"8:55:18 PM"}
{"level":"info","message":"This simple log written by another file","timestamp":"8:58:59 PM"}
{"level":"info","message":"This simple log written by another file","timestamp":"10:10:21 PM"}
{"level":"info","message":"This simple log written by another file","timestamp":"5:06:19 PM"}
{"level":"info","message":"This simple log written by another file","timestamp":"6:55:22 PM"}
